<?xml version="1.0" encoding="UTF-8"?>
<!-- Generated by org.testng.reporters.JUnitXMLReporter -->
<testsuite hostname="Adrian-PC" name="Test" tests="19" failures="2" timestamp="20 May 2016 07:14:54 GMT" time="171.181" errors="0">
  <testcase name="addDescription" time="0.921" classname="ip.project.interfaceProject.Test.Description"/>
  <testcase name="addTitle" time="1.346" classname="ip.project.interfaceProject.Test.TitleInsert"/>
  <testcase name="clickSAI" time="0.916" classname="ip.project.interfaceProject.Test.StakeholdersAndInterests"/>
  <testcase name="actorsAndObjectives" time="11.666" classname="ip.project.interfaceProject.Test.ActorsAndObjectivesEdit">
    <failure type="org.openqa.selenium.TimeoutException" message="Timed out after 10 seconds waiting for visibility of element located by By.xpath: .//*[@id=&amp;apos;stakeholdersList&amp;apos;]/div/div/div
Build info: version: &amp;apos;2.53.0&amp;apos;, revision: &amp;apos;35ae25b&amp;apos;, time: &amp;apos;2016-03-15 16:57:40&amp;apos;
System info: host: &amp;apos;Adrian-PC&amp;apos;, ip: &amp;apos;192.168.1.178&amp;apos;, os.name: &amp;apos;Windows 7&amp;apos;, os.arch: &amp;apos;amd64&amp;apos;, os.version: &amp;apos;6.1&amp;apos;, java.version: &amp;apos;1.8.0_91&amp;apos;
Driver info: org.openqa.selenium.firefox.FirefoxDriver
Capabilities [{applicationCacheEnabled=true, rotatable=false, handlesAlerts=true, databaseEnabled=true, version=46.0.1, platform=WINDOWS, nativeEvents=false, acceptSslCerts=true, webStorageEnabled=true, locationContextEnabled=true, browserName=firefox, takesScreenshot=true, javascriptEnabled=true, cssSelectorsEnabled=true}]
Session ID: 4805050c-dda5-4a80-954e-763b4d1129f7">
      <![CDATA[org.openqa.selenium.TimeoutException: Timed out after 10 seconds waiting for visibility of element located by By.xpath: .//*[@id='stakeholdersList']/div/div/div
Build info: version: '2.53.0', revision: '35ae25b', time: '2016-03-15 16:57:40'
System info: host: 'Adrian-PC', ip: '192.168.1.178', os.name: 'Windows 7', os.arch: 'amd64', os.version: '6.1', java.version: '1.8.0_91'
Driver info: org.openqa.selenium.firefox.FirefoxDriver
Capabilities [{applicationCacheEnabled=true, rotatable=false, handlesAlerts=true, databaseEnabled=true, version=46.0.1, platform=WINDOWS, nativeEvents=false, acceptSslCerts=true, webStorageEnabled=true, locationContextEnabled=true, browserName=firefox, takesScreenshot=true, javascriptEnabled=true, cssSelectorsEnabled=true}]
Session ID: 4805050c-dda5-4a80-954e-763b4d1129f7
	at org.openqa.selenium.support.ui.WebDriverWait.timeoutException(WebDriverWait.java:80)
	at org.openqa.selenium.support.ui.FluentWait.until(FluentWait.java:261)
	at ip.project.interfaceProject.clicks.ActorsAndObjectivesInsertData.AAOInsertTitle(ActorsAndObjectivesInsertData.java:19)
	at ip.project.interfaceProject.Test.ActorsAndObjectivesEdit.actorsAndObjectives(ActorsAndObjectivesEdit.java:16)
... Removed 24 stack frames]]>
    </failure>
  </testcase> <!-- actorsAndObjectives -->
  <testcase name="addAuthorInsert" time="1.066" classname="ip.project.interfaceProject.Test.AuthorInsert"/>
  <testcase name="actorsAndObjectives" time="1.603" classname="ip.project.interfaceProject.Test.ActorsAndObjectivesAdd"/>
  <testcase name="Domain" time="1.156" classname="ip.project.interfaceProject.Test.DomainInsert"/>
  <testcase name="addDescription" time="1.286" classname="ip.project.interfaceProject.Test.DescriptionInsert"/>
  <testcase name="openButton" time="0.599" classname="ip.project.interfaceProject.Test.OpenButton"/>
  <testcase name="addTitle" time="0.778" classname="ip.project.interfaceProject.Test.Title"/>
  <testcase name="addAuthorInsert" time="1.716" classname="ip.project.interfaceProject.Test.AuthorAddButton"/>
  <testcase name="Domain" time="0.756" classname="ip.project.interfaceProject.Test.Domanin"/>
  <testcase name="clickSAI" time="1.152" classname="ip.project.interfaceProject.Test.StakefoldersAndInterestsEdit"/>
  <testcase name="addAuthorInsert" time="2.473" classname="ip.project.interfaceProject.Test.AuthorRemoveButton"/>
  <testcase name="addAuthor" time="0.776" classname="ip.project.interfaceProject.Test.Author"/>
  <testcase name="clickSAI" time="2.009" classname="ip.project.interfaceProject.Test.StakeholdersAndInterestsWindow"/>
  <testcase name="actorsAndObjectives" time="10.725" classname="ip.project.interfaceProject.Test.ActorsAndObjectives">
    <failure type="org.openqa.selenium.TimeoutException" message="Timed out after 10 seconds waiting for visibility of element located by By.xpath: .//*[@id=&amp;apos;actorsList&amp;apos;]/div[2]/button[1]
Build info: version: &amp;apos;2.53.0&amp;apos;, revision: &amp;apos;35ae25b&amp;apos;, time: &amp;apos;2016-03-15 16:57:40&amp;apos;
System info: host: &amp;apos;Adrian-PC&amp;apos;, ip: &amp;apos;192.168.1.178&amp;apos;, os.name: &amp;apos;Windows 7&amp;apos;, os.arch: &amp;apos;amd64&amp;apos;, os.version: &amp;apos;6.1&amp;apos;, java.version: &amp;apos;1.8.0_91&amp;apos;
Driver info: org.openqa.selenium.firefox.FirefoxDriver
Capabilities [{applicationCacheEnabled=true, rotatable=false, handlesAlerts=true, databaseEnabled=true, version=46.0.1, platform=WINDOWS, nativeEvents=false, acceptSslCerts=true, webStorageEnabled=true, locationContextEnabled=true, browserName=firefox, takesScreenshot=true, javascriptEnabled=true, cssSelectorsEnabled=true}]
Session ID: f02d02b6-518f-4b15-a391-f9e0e071e090">
      <![CDATA[org.openqa.selenium.TimeoutException: Timed out after 10 seconds waiting for visibility of element located by By.xpath: .//*[@id='actorsList']/div[2]/button[1]
Build info: version: '2.53.0', revision: '35ae25b', time: '2016-03-15 16:57:40'
System info: host: 'Adrian-PC', ip: '192.168.1.178', os.name: 'Windows 7', os.arch: 'amd64', os.version: '6.1', java.version: '1.8.0_91'
Driver info: org.openqa.selenium.firefox.FirefoxDriver
Capabilities [{applicationCacheEnabled=true, rotatable=false, handlesAlerts=true, databaseEnabled=true, version=46.0.1, platform=WINDOWS, nativeEvents=false, acceptSslCerts=true, webStorageEnabled=true, locationContextEnabled=true, browserName=firefox, takesScreenshot=true, javascriptEnabled=true, cssSelectorsEnabled=true}]
Session ID: f02d02b6-518f-4b15-a391-f9e0e071e090
	at org.openqa.selenium.support.ui.WebDriverWait.timeoutException(WebDriverWait.java:80)
	at org.openqa.selenium.support.ui.FluentWait.until(FluentWait.java:261)
	at ip.project.interfaceProject.clicks.ActorsAndObjectivesInsertData.AAORemoveButton(ActorsAndObjectivesInsertData.java:43)
	at ip.project.interfaceProject.Test.ActorsAndObjectives.actorsAndObjectives(ActorsAndObjectives.java:15)
Caused by: org.openqa.selenium.NoSuchElementException: Unable to locate element: {"method":"xpath","selector":".//*[@id='actorsList']/div[2]/button[1]"}
Command duration or timeout: 12 milliseconds
For documentation on this error, please visit: http://seleniumhq.org/exceptions/no_such_element.html
Build info: version: '2.53.0', revision: '35ae25b', time: '2016-03-15 16:57:40'
System info: host: 'Adrian-PC', ip: '192.168.1.178', os.name: 'Windows 7', os.arch: 'amd64', os.version: '6.1', java.version: '1.8.0_91'
Driver info: org.openqa.selenium.firefox.FirefoxDriver
Capabilities [{applicationCacheEnabled=true, rotatable=false, handlesAlerts=true, databaseEnabled=true, version=46.0.1, platform=WINDOWS, nativeEvents=false, acceptSslCerts=true, webStorageEnabled=true, locationContextEnabled=true, browserName=firefox, takesScreenshot=true, javascriptEnabled=true, cssSelectorsEnabled=true}]
Session ID: f02d02b6-518f-4b15-a391-f9e0e071e090
*** Element info: {Using=xpath, value=.//*[@id='actorsList']/div[2]/button[1]}
	at org.openqa.selenium.remote.ErrorHandler.createThrowable(ErrorHandler.java:206)
	at org.openqa.selenium.remote.ErrorHandler.throwIfResponseFailed(ErrorHandler.java:158)
	at org.openqa.selenium.remote.RemoteWebDriver.execute(RemoteWebDriver.java:678)
	at org.openqa.selenium.remote.RemoteWebDriver.findElement(RemoteWebDriver.java:363)
	at org.openqa.selenium.remote.RemoteWebDriver.findElementByXPath(RemoteWebDriver.java:500)
	at org.openqa.selenium.By$ByXPath.findElement(By.java:361)
	at org.openqa.selenium.remote.RemoteWebDriver.findElement(RemoteWebDriver.java:355)
	at org.openqa.selenium.support.ui.ExpectedConditions.findElement(ExpectedConditions.java:899)
	at org.openqa.selenium.support.ui.ExpectedConditions.access$0(ExpectedConditions.java:897)
	at org.openqa.selenium.support.ui.ExpectedConditions$7.apply(ExpectedConditions.java:205)
	at org.openqa.selenium.support.ui.ExpectedConditions$7.apply(ExpectedConditions.java:1)
	at org.openqa.selenium.support.ui.FluentWait.until(FluentWait.java:238)
	... 26 more
Caused by: org.openqa.selenium.NoSuchElementException: Unable to locate element: {"method":"xpath","selector":".//*[@id='actorsList']/div[2]/button[1]"}
For documentation on this error, please visit: http://seleniumhq.org/exceptions/no_such_element.html
Build info: version: '2.53.0', revision: '35ae25b', time: '2016-03-15 16:57:40'
System info: host: 'Adrian-PC', ip: '192.168.1.178', os.name: 'Windows 7', os.arch: 'amd64', os.version: '6.1', java.version: '1.8.0_91'
Driver info: driver.version: unknown
	at <anonymous class>.FirefoxDriver.prototype.findElementInternal_(file:///C:/Users/Daniel/AppData/Local/Temp/anonymous5003700254175765976webdriver-profile/extensions/fxdriver@googlecode.com/components/driver-component.js:10770)
	at <anonymous class>.FirefoxDriver.prototype.findElement(file:///C:/Users/Daniel/AppData/Local/Temp/anonymous5003700254175765976webdriver-profile/extensions/fxdriver@googlecode.com/components/driver-component.js:10779)
	at <anonymous class>.DelayedCommand.prototype.executeInternal_/h(file:///C:/Users/Daniel/AppData/Local/Temp/anonymous5003700254175765976webdriver-profile/extensions/fxdriver@googlecode.com/components/command-processor.js:12661)
	at <anonymous class>.DelayedCommand.prototype.executeInternal_(file:///C:/Users/Daniel/AppData/Local/Temp/anonymous5003700254175765976webdriver-profile/extensions/fxdriver@googlecode.com/components/command-processor.js:12666)
	at <anonymous class>.DelayedCommand.prototype.execute/<(file:///C:/Users/Daniel/AppData/Local/Temp/anonymous5003700254175765976webdriver-profile/extensions/fxdriver@googlecode.com/components/command-processor.js:12608)
... Removed 27 stack frames]]>
    </failure>
  </testcase> <!-- actorsAndObjectives -->
  <testcase name="openFrontPage" time="0.0" classname="ip.project.interfaceProject.Test.OpenBroswer"/>
  <testcase name="createButton" time="0.548" classname="ip.project.interfaceProject.Test.CreateButton"/>
</testsuite> <!-- Test -->
