<html>
<head>
<title>TestNG:  Test</title>
<link href="../testng.css" rel="stylesheet" type="text/css" />
<link href="../my-testng.css" rel="stylesheet" type="text/css" />

<style type="text/css">
.log { display: none;} 
.stack-trace { display: none;} 
</style>
<script type="text/javascript">
<!--
function flip(e) {
  current = e.style.display;
  if (current == 'block') {
    e.style.display = 'none';
    return 0;
  }
  else {
    e.style.display = 'block';
    return 1;
  }
}

function toggleBox(szDivId, elem, msg1, msg2)
{
  var res = -1;  if (document.getElementById) {
    res = flip(document.getElementById(szDivId));
  }
  else if (document.all) {
    // this is the way old msie versions work
    res = flip(document.all[szDivId]);
  }
  if(elem) {
    if(res == 0) elem.innerHTML = msg1; else elem.innerHTML = msg2;
  }

}

function toggleAllBoxes() {
  if (document.getElementsByTagName) {
    d = document.getElementsByTagName('div');
    for (i = 0; i < d.length; i++) {
      if (d[i].className == 'log') {
        flip(d[i]);
      }
    }
  }
}

// -->
</script>

</head>
<body>
<h2 align='center'>Test</h2><table border='1' align="center">
<tr>
<td>Tests passed/Failed/Skipped:</td><td>17/2/0</td>
</tr><tr>
<td>Started on:</td><td>Fri May 20 10:12:02 EEST 2016</td>
</tr>
<tr><td>Total time:</td><td>171 seconds (171181 ms)</td>
</tr><tr>
<td>Included groups:</td><td></td>
</tr><tr>
<td>Excluded groups:</td><td></td>
</tr>
</table><p/>
<small><i>(Hover the method name to see the test class name)</i></small><p/>
<table width='100%' border='1' class='invocation-failed'>
<tr><td colspan='4' align='center'><b>FAILED TESTS</b></td></tr>
<tr><td><b>Test method</b></td>
<td width="30%"><b>Exception</b></td>
<td width="10%"><b>Time (seconds)</b></td>
<td><b>Instance</b></td>
</tr>
<tr>
<td title='ip.project.interfaceProject.Test.ActorsAndObjectivesEdit.actorsAndObjectives()'><b>actorsAndObjectives</b><br>Test class: ip.project.interfaceProject.Test.ActorsAndObjectivesEdit</td>
<td><div><pre>org.openqa.selenium.TimeoutException: Timed out after 10 seconds waiting for visibility of element located by By.xpath: .//*[@id=&apos;stakeholdersList&apos;]/div/div/div
Build info: version: &apos;2.53.0&apos;, revision: &apos;35ae25b&apos;, time: &apos;2016-03-15 16:57:40&apos;
System info: host: &apos;Adrian-PC&apos;, ip: &apos;192.168.1.178&apos;, os.name: &apos;Windows 7&apos;, os.arch: &apos;amd64&apos;, os.version: &apos;6.1&apos;, java.version: &apos;1.8.0_91&apos;
Driver info: org.openqa.selenium.firefox.FirefoxDriver
Capabilities [{applicationCacheEnabled=true, rotatable=false, handlesAlerts=true, databaseEnabled=true, version=46.0.1, platform=WINDOWS, nativeEvents=false, acceptSslCerts=true, webStorageEnabled=true, locationContextEnabled=true, browserName=firefox, takesScreenshot=true, javascriptEnabled=true, cssSelectorsEnabled=true}]
Session ID: 4805050c-dda5-4a80-954e-763b4d1129f7
	at org.openqa.selenium.support.ui.WebDriverWait.timeoutException(WebDriverWait.java:80)
	at org.openqa.selenium.support.ui.FluentWait.until(FluentWait.java:261)
	at ip.project.interfaceProject.clicks.ActorsAndObjectivesInsertData.AAOInsertTitle(ActorsAndObjectivesInsertData.java:19)
	at ip.project.interfaceProject.Test.ActorsAndObjectivesEdit.actorsAndObjectives(ActorsAndObjectivesEdit.java:16)
... Removed 24 stack frames</pre></div><a href='#' onClick='toggleBox("stack-trace597307515", this, "Click to show all stack frames", "Click to hide stack frames")'>Click to show all stack frames</a>
<div class='stack-trace' id='stack-trace597307515'><pre>org.openqa.selenium.TimeoutException: Timed out after 10 seconds waiting for visibility of element located by By.xpath: .//*[@id=&apos;stakeholdersList&apos;]/div/div/div
Build info: version: &apos;2.53.0&apos;, revision: &apos;35ae25b&apos;, time: &apos;2016-03-15 16:57:40&apos;
System info: host: &apos;Adrian-PC&apos;, ip: &apos;192.168.1.178&apos;, os.name: &apos;Windows 7&apos;, os.arch: &apos;amd64&apos;, os.version: &apos;6.1&apos;, java.version: &apos;1.8.0_91&apos;
Driver info: org.openqa.selenium.firefox.FirefoxDriver
Capabilities [{applicationCacheEnabled=true, rotatable=false, handlesAlerts=true, databaseEnabled=true, version=46.0.1, platform=WINDOWS, nativeEvents=false, acceptSslCerts=true, webStorageEnabled=true, locationContextEnabled=true, browserName=firefox, takesScreenshot=true, javascriptEnabled=true, cssSelectorsEnabled=true}]
Session ID: 4805050c-dda5-4a80-954e-763b4d1129f7
	at org.openqa.selenium.support.ui.WebDriverWait.timeoutException(WebDriverWait.java:80)
	at org.openqa.selenium.support.ui.FluentWait.until(FluentWait.java:261)
	at ip.project.interfaceProject.clicks.ActorsAndObjectivesInsertData.AAOInsertTitle(ActorsAndObjectivesInsertData.java:19)
	at ip.project.interfaceProject.Test.ActorsAndObjectivesEdit.actorsAndObjectives(ActorsAndObjectivesEdit.java:16)
	at sun.reflect.NativeMethodAccessorImpl.invoke0(Native Method)
	at sun.reflect.NativeMethodAccessorImpl.invoke(Unknown Source)
	at sun.reflect.DelegatingMethodAccessorImpl.invoke(Unknown Source)
	at java.lang.reflect.Method.invoke(Unknown Source)
	at org.testng.internal.MethodInvocationHelper.invokeMethod(MethodInvocationHelper.java:85)
	at org.testng.internal.Invoker.invokeMethod(Invoker.java:639)
	at org.testng.internal.Invoker.invokeTestMethod(Invoker.java:816)
	at org.testng.internal.Invoker.invokeTestMethods(Invoker.java:1124)
	at org.testng.internal.TestMethodWorker.invokeTestMethods(TestMethodWorker.java:125)
	at org.testng.internal.TestMethodWorker.run(TestMethodWorker.java:108)
	at org.testng.TestRunner.privateRun(TestRunner.java:774)
	at org.testng.TestRunner.run(TestRunner.java:624)
	at org.testng.SuiteRunner.runTest(SuiteRunner.java:359)
	at org.testng.SuiteRunner.runSequentially(SuiteRunner.java:354)
	at org.testng.SuiteRunner.privateRun(SuiteRunner.java:312)
	at org.testng.SuiteRunner.run(SuiteRunner.java:261)
	at org.testng.SuiteRunnerWorker.runSuite(SuiteRunnerWorker.java:52)
	at org.testng.SuiteRunnerWorker.run(SuiteRunnerWorker.java:86)
	at org.testng.TestNG.runSuitesSequentially(TestNG.java:1215)
	at org.testng.TestNG.runSuitesLocally(TestNG.java:1140)
	at org.testng.TestNG.run(TestNG.java:1048)
	at org.testng.remote.AbstractRemoteTestNG.run(AbstractRemoteTestNG.java:126)
	at org.testng.remote.RemoteTestNG.initAndRun(RemoteTestNG.java:137)
	at org.testng.remote.RemoteTestNG.main(RemoteTestNG.java:58)
</pre></div></td>
<td>11</td>
<td>ip.project.interfaceProject.Test.ActorsAndObjectivesEdit@4501b7af</td></tr>
<tr>
<td title='ip.project.interfaceProject.Test.ActorsAndObjectives.actorsAndObjectives()'><b>actorsAndObjectives</b><br>Test class: ip.project.interfaceProject.Test.ActorsAndObjectives</td>
<td><div><pre>org.openqa.selenium.TimeoutException: Timed out after 10 seconds waiting for visibility of element located by By.xpath: .//*[@id=&apos;actorsList&apos;]/div[2]/button[1]
Build info: version: &apos;2.53.0&apos;, revision: &apos;35ae25b&apos;, time: &apos;2016-03-15 16:57:40&apos;
System info: host: &apos;Adrian-PC&apos;, ip: &apos;192.168.1.178&apos;, os.name: &apos;Windows 7&apos;, os.arch: &apos;amd64&apos;, os.version: &apos;6.1&apos;, java.version: &apos;1.8.0_91&apos;
Driver info: org.openqa.selenium.firefox.FirefoxDriver
Capabilities [{applicationCacheEnabled=true, rotatable=false, handlesAlerts=true, databaseEnabled=true, version=46.0.1, platform=WINDOWS, nativeEvents=false, acceptSslCerts=true, webStorageEnabled=true, locationContextEnabled=true, browserName=firefox, takesScreenshot=true, javascriptEnabled=true, cssSelectorsEnabled=true}]
Session ID: f02d02b6-518f-4b15-a391-f9e0e071e090
	at org.openqa.selenium.support.ui.WebDriverWait.timeoutException(WebDriverWait.java:80)
	at org.openqa.selenium.support.ui.FluentWait.until(FluentWait.java:261)
	at ip.project.interfaceProject.clicks.ActorsAndObjectivesInsertData.AAORemoveButton(ActorsAndObjectivesInsertData.java:43)
	at ip.project.interfaceProject.Test.ActorsAndObjectives.actorsAndObjectives(ActorsAndObjectives.java:15)
Caused by: org.openqa.selenium.NoSuchElementException: Unable to locate element: {&quot;method&quot;:&quot;xpath&quot;,&quot;selector&quot;:&quot;.//*[@id=&apos;actorsList&apos;]/div[2]/button[1]&quot;}
Command duration or timeout: 12 milliseconds
For documentation on this error, please visit: http://seleniumhq.org/exceptions/no_such_element.html
Build info: version: &apos;2.53.0&apos;, revision: &apos;35ae25b&apos;, time: &apos;2016-03-15 16:57:40&apos;
System info: host: &apos;Adrian-PC&apos;, ip: &apos;192.168.1.178&apos;, os.name: &apos;Windows 7&apos;, os.arch: &apos;amd64&apos;, os.version: &apos;6.1&apos;, java.version: &apos;1.8.0_91&apos;
Driver info: org.openqa.selenium.firefox.FirefoxDriver
Capabilities [{applicationCacheEnabled=true, rotatable=false, handlesAlerts=true, databaseEnabled=true, version=46.0.1, platform=WINDOWS, nativeEvents=false, acceptSslCerts=true, webStorageEnabled=true, locationContextEnabled=true, browserName=firefox, takesScreenshot=true, javascriptEnabled=true, cssSelectorsEnabled=true}]
Session ID: f02d02b6-518f-4b15-a391-f9e0e071e090
*** Element info: {Using=xpath, value=.//*[@id=&apos;actorsList&apos;]/div[2]/button[1]}
	at org.openqa.selenium.remote.ErrorHandler.createThrowable(ErrorHandler.java:206)
	at org.openqa.selenium.remote.ErrorHandler.throwIfResponseFailed(ErrorHandler.java:158)
	at org.openqa.selenium.remote.RemoteWebDriver.execute(RemoteWebDriver.java:678)
	at org.openqa.selenium.remote.RemoteWebDriver.findElement(RemoteWebDriver.java:363)
	at org.openqa.selenium.remote.RemoteWebDriver.findElementByXPath(RemoteWebDriver.java:500)
	at org.openqa.selenium.By$ByXPath.findElement(By.java:361)
	at org.openqa.selenium.remote.RemoteWebDriver.findElement(RemoteWebDriver.java:355)
	at org.openqa.selenium.support.ui.ExpectedConditions.findElement(ExpectedConditions.java:899)
	at org.openqa.selenium.support.ui.ExpectedConditions.access$0(ExpectedConditions.java:897)
	at org.openqa.selenium.support.ui.ExpectedConditions$7.apply(ExpectedConditions.java:205)
	at org.openqa.selenium.support.ui.ExpectedConditions$7.apply(ExpectedConditions.java:1)
	at org.openqa.selenium.support.ui.FluentWait.until(FluentWait.java:238)
	... 26 more
Caused by: org.openqa.selenium.NoSuchElementException: Unable to locate element: {&quot;method&quot;:&quot;xpath&quot;,&quot;selector&quot;:&quot;.//*[@id=&apos;actorsList&apos;]/div[2]/button[1]&quot;}
For documentation on this error, please visit: http://seleniumhq.org/exceptions/no_such_element.html
Build info: version: &apos;2.53.0&apos;, revision: &apos;35ae25b&apos;, time: &apos;2016-03-15 16:57:40&apos;
System info: host: &apos;Adrian-PC&apos;, ip: &apos;192.168.1.178&apos;, os.name: &apos;Windows 7&apos;, os.arch: &apos;amd64&apos;, os.version: &apos;6.1&apos;, java.version: &apos;1.8.0_91&apos;
Driver info: driver.version: unknown
	at &lt;anonymous class&gt;.FirefoxDriver.prototype.findElementInternal_(file:///C:/Users/Daniel/AppData/Local/Temp/anonymous5003700254175765976webdriver-profile/extensions/fxdriver@googlecode.com/components/driver-component.js:10770)
	at &lt;anonymous class&gt;.FirefoxDriver.prototype.findElement(file:///C:/Users/Daniel/AppData/Local/Temp/anonymous5003700254175765976webdriver-profile/extensions/fxdriver@googlecode.com/components/driver-component.js:10779)
	at &lt;anonymous class&gt;.DelayedCommand.prototype.executeInternal_/h(file:///C:/Users/Daniel/AppData/Local/Temp/anonymous5003700254175765976webdriver-profile/extensions/fxdriver@googlecode.com/components/command-processor.js:12661)
	at &lt;anonymous class&gt;.DelayedCommand.prototype.executeInternal_(file:///C:/Users/Daniel/AppData/Local/Temp/anonymous5003700254175765976webdriver-profile/extensions/fxdriver@googlecode.com/components/command-processor.js:12666)
	at &lt;anonymous class&gt;.DelayedCommand.prototype.execute/&lt;(file:///C:/Users/Daniel/AppData/Local/Temp/anonymous5003700254175765976webdriver-profile/extensions/fxdriver@googlecode.com/components/command-processor.js:12608)
... Removed 27 stack frames</pre></div><a href='#' onClick='toggleBox("stack-trace1178587240", this, "Click to show all stack frames", "Click to hide stack frames")'>Click to show all stack frames</a>
<div class='stack-trace' id='stack-trace1178587240'><pre>org.openqa.selenium.TimeoutException: Timed out after 10 seconds waiting for visibility of element located by By.xpath: .//*[@id=&apos;actorsList&apos;]/div[2]/button[1]
Build info: version: &apos;2.53.0&apos;, revision: &apos;35ae25b&apos;, time: &apos;2016-03-15 16:57:40&apos;
System info: host: &apos;Adrian-PC&apos;, ip: &apos;192.168.1.178&apos;, os.name: &apos;Windows 7&apos;, os.arch: &apos;amd64&apos;, os.version: &apos;6.1&apos;, java.version: &apos;1.8.0_91&apos;
Driver info: org.openqa.selenium.firefox.FirefoxDriver
Capabilities [{applicationCacheEnabled=true, rotatable=false, handlesAlerts=true, databaseEnabled=true, version=46.0.1, platform=WINDOWS, nativeEvents=false, acceptSslCerts=true, webStorageEnabled=true, locationContextEnabled=true, browserName=firefox, takesScreenshot=true, javascriptEnabled=true, cssSelectorsEnabled=true}]
Session ID: f02d02b6-518f-4b15-a391-f9e0e071e090
	at org.openqa.selenium.support.ui.WebDriverWait.timeoutException(WebDriverWait.java:80)
	at org.openqa.selenium.support.ui.FluentWait.until(FluentWait.java:261)
	at ip.project.interfaceProject.clicks.ActorsAndObjectivesInsertData.AAORemoveButton(ActorsAndObjectivesInsertData.java:43)
	at ip.project.interfaceProject.Test.ActorsAndObjectives.actorsAndObjectives(ActorsAndObjectives.java:15)
	at sun.reflect.NativeMethodAccessorImpl.invoke0(Native Method)
	at sun.reflect.NativeMethodAccessorImpl.invoke(Unknown Source)
	at sun.reflect.DelegatingMethodAccessorImpl.invoke(Unknown Source)
	at java.lang.reflect.Method.invoke(Unknown Source)
	at org.testng.internal.MethodInvocationHelper.invokeMethod(MethodInvocationHelper.java:85)
	at org.testng.internal.Invoker.invokeMethod(Invoker.java:639)
	at org.testng.internal.Invoker.invokeTestMethod(Invoker.java:816)
	at org.testng.internal.Invoker.invokeTestMethods(Invoker.java:1124)
	at org.testng.internal.TestMethodWorker.invokeTestMethods(TestMethodWorker.java:125)
	at org.testng.internal.TestMethodWorker.run(TestMethodWorker.java:108)
	at org.testng.TestRunner.privateRun(TestRunner.java:774)
	at org.testng.TestRunner.run(TestRunner.java:624)
	at org.testng.SuiteRunner.runTest(SuiteRunner.java:359)
	at org.testng.SuiteRunner.runSequentially(SuiteRunner.java:354)
	at org.testng.SuiteRunner.privateRun(SuiteRunner.java:312)
	at org.testng.SuiteRunner.run(SuiteRunner.java:261)
	at org.testng.SuiteRunnerWorker.runSuite(SuiteRunnerWorker.java:52)
	at org.testng.SuiteRunnerWorker.run(SuiteRunnerWorker.java:86)
	at org.testng.TestNG.runSuitesSequentially(TestNG.java:1215)
	at org.testng.TestNG.runSuitesLocally(TestNG.java:1140)
	at org.testng.TestNG.run(TestNG.java:1048)
	at org.testng.remote.AbstractRemoteTestNG.run(AbstractRemoteTestNG.java:126)
	at org.testng.remote.RemoteTestNG.initAndRun(RemoteTestNG.java:137)
	at org.testng.remote.RemoteTestNG.main(RemoteTestNG.java:58)
Caused by: org.openqa.selenium.NoSuchElementException: Unable to locate element: {&quot;method&quot;:&quot;xpath&quot;,&quot;selector&quot;:&quot;.//*[@id=&apos;actorsList&apos;]/div[2]/button[1]&quot;}
Command duration or timeout: 12 milliseconds
For documentation on this error, please visit: http://seleniumhq.org/exceptions/no_such_element.html
Build info: version: &apos;2.53.0&apos;, revision: &apos;35ae25b&apos;, time: &apos;2016-03-15 16:57:40&apos;
System info: host: &apos;Adrian-PC&apos;, ip: &apos;192.168.1.178&apos;, os.name: &apos;Windows 7&apos;, os.arch: &apos;amd64&apos;, os.version: &apos;6.1&apos;, java.version: &apos;1.8.0_91&apos;
Driver info: org.openqa.selenium.firefox.FirefoxDriver
Capabilities [{applicationCacheEnabled=true, rotatable=false, handlesAlerts=true, databaseEnabled=true, version=46.0.1, platform=WINDOWS, nativeEvents=false, acceptSslCerts=true, webStorageEnabled=true, locationContextEnabled=true, browserName=firefox, takesScreenshot=true, javascriptEnabled=true, cssSelectorsEnabled=true}]
Session ID: f02d02b6-518f-4b15-a391-f9e0e071e090
*** Element info: {Using=xpath, value=.//*[@id=&apos;actorsList&apos;]/div[2]/button[1]}
	at sun.reflect.GeneratedConstructorAccessor15.newInstance(Unknown Source)
	at sun.reflect.DelegatingConstructorAccessorImpl.newInstance(Unknown Source)
	at java.lang.reflect.Constructor.newInstance(Unknown Source)
	at org.openqa.selenium.remote.ErrorHandler.createThrowable(ErrorHandler.java:206)
	at org.openqa.selenium.remote.ErrorHandler.throwIfResponseFailed(ErrorHandler.java:158)
	at org.openqa.selenium.remote.RemoteWebDriver.execute(RemoteWebDriver.java:678)
	at org.openqa.selenium.remote.RemoteWebDriver.findElement(RemoteWebDriver.java:363)
	at org.openqa.selenium.remote.RemoteWebDriver.findElementByXPath(RemoteWebDriver.java:500)
	at org.openqa.selenium.By$ByXPath.findElement(By.java:361)
	at org.openqa.selenium.remote.RemoteWebDriver.findElement(RemoteWebDriver.java:355)
	at org.openqa.selenium.support.ui.ExpectedConditions.findElement(ExpectedConditions.java:899)
	at org.openqa.selenium.support.ui.ExpectedConditions.access$0(ExpectedConditions.java:897)
	at org.openqa.selenium.support.ui.ExpectedConditions$7.apply(ExpectedConditions.java:205)
	at org.openqa.selenium.support.ui.ExpectedConditions$7.apply(ExpectedConditions.java:1)
	at org.openqa.selenium.support.ui.FluentWait.until(FluentWait.java:238)
	... 26 more
Caused by: org.openqa.selenium.NoSuchElementException: Unable to locate element: {&quot;method&quot;:&quot;xpath&quot;,&quot;selector&quot;:&quot;.//*[@id=&apos;actorsList&apos;]/div[2]/button[1]&quot;}
For documentation on this error, please visit: http://seleniumhq.org/exceptions/no_such_element.html
Build info: version: &apos;2.53.0&apos;, revision: &apos;35ae25b&apos;, time: &apos;2016-03-15 16:57:40&apos;
System info: host: &apos;Adrian-PC&apos;, ip: &apos;192.168.1.178&apos;, os.name: &apos;Windows 7&apos;, os.arch: &apos;amd64&apos;, os.version: &apos;6.1&apos;, java.version: &apos;1.8.0_91&apos;
Driver info: driver.version: unknown
	at &lt;anonymous class&gt;.FirefoxDriver.prototype.findElementInternal_(file:///C:/Users/Daniel/AppData/Local/Temp/anonymous5003700254175765976webdriver-profile/extensions/fxdriver@googlecode.com/components/driver-component.js:10770)
	at &lt;anonymous class&gt;.FirefoxDriver.prototype.findElement(file:///C:/Users/Daniel/AppData/Local/Temp/anonymous5003700254175765976webdriver-profile/extensions/fxdriver@googlecode.com/components/driver-component.js:10779)
	at &lt;anonymous class&gt;.DelayedCommand.prototype.executeInternal_/h(file:///C:/Users/Daniel/AppData/Local/Temp/anonymous5003700254175765976webdriver-profile/extensions/fxdriver@googlecode.com/components/command-processor.js:12661)
	at &lt;anonymous class&gt;.DelayedCommand.prototype.executeInternal_(file:///C:/Users/Daniel/AppData/Local/Temp/anonymous5003700254175765976webdriver-profile/extensions/fxdriver@googlecode.com/components/command-processor.js:12666)
	at &lt;anonymous class&gt;.DelayedCommand.prototype.execute/&lt;(file:///C:/Users/Daniel/AppData/Local/Temp/anonymous5003700254175765976webdriver-profile/extensions/fxdriver@googlecode.com/components/command-processor.js:12608)
</pre></div></td>
<td>10</td>
<td>ip.project.interfaceProject.Test.ActorsAndObjectives@6f7fd0e6</td></tr>
</table><p>
<table width='100%' border='1' class='invocation-passed'>
<tr><td colspan='4' align='center'><b>PASSED TESTS</b></td></tr>
<tr><td><b>Test method</b></td>
<td width="30%"><b>Exception</b></td>
<td width="10%"><b>Time (seconds)</b></td>
<td><b>Instance</b></td>
</tr>
<tr>
<td title='ip.project.interfaceProject.Test.DomainInsert.Domain()'><b>Domain</b><br>Test class: ip.project.interfaceProject.Test.DomainInsert</td>
<td></td>
<td>1</td>
<td>ip.project.interfaceProject.Test.DomainInsert@61832929</td></tr>
<tr>
<td title='ip.project.interfaceProject.Test.Domanin.Domain()'><b>Domain</b><br>Test class: ip.project.interfaceProject.Test.Domanin</td>
<td></td>
<td>0</td>
<td>ip.project.interfaceProject.Test.Domanin@3532ec19</td></tr>
<tr>
<td title='ip.project.interfaceProject.Test.ActorsAndObjectivesAdd.actorsAndObjectives()'><b>actorsAndObjectives</b><br>Test class: ip.project.interfaceProject.Test.ActorsAndObjectivesAdd</td>
<td></td>
<td>1</td>
<td>ip.project.interfaceProject.Test.ActorsAndObjectivesAdd@5b275dab</td></tr>
<tr>
<td title='ip.project.interfaceProject.Test.Author.addAuthor()'><b>addAuthor</b><br>Test class: ip.project.interfaceProject.Test.Author</td>
<td></td>
<td>0</td>
<td>ip.project.interfaceProject.Test.Author@59f99ea</td></tr>
<tr>
<td title='ip.project.interfaceProject.Test.AuthorInsert.addAuthorInsert()'><b>addAuthorInsert</b><br>Test class: ip.project.interfaceProject.Test.AuthorInsert</td>
<td></td>
<td>1</td>
<td>ip.project.interfaceProject.Test.AuthorInsert@523884b2</td></tr>
<tr>
<td title='ip.project.interfaceProject.Test.AuthorAddButton.addAuthorInsert()'><b>addAuthorInsert</b><br>Test class: ip.project.interfaceProject.Test.AuthorAddButton</td>
<td></td>
<td>1</td>
<td>ip.project.interfaceProject.Test.AuthorAddButton@26653222</td></tr>
<tr>
<td title='ip.project.interfaceProject.Test.AuthorRemoveButton.addAuthorInsert()'><b>addAuthorInsert</b><br>Test class: ip.project.interfaceProject.Test.AuthorRemoveButton</td>
<td></td>
<td>2</td>
<td>ip.project.interfaceProject.Test.AuthorRemoveButton@ae45eb6</td></tr>
<tr>
<td title='ip.project.interfaceProject.Test.Description.addDescription()'><b>addDescription</b><br>Test class: ip.project.interfaceProject.Test.Description</td>
<td></td>
<td>0</td>
<td>ip.project.interfaceProject.Test.Description@d8355a8</td></tr>
<tr>
<td title='ip.project.interfaceProject.Test.DescriptionInsert.addDescription()'><b>addDescription</b><br>Test class: ip.project.interfaceProject.Test.DescriptionInsert</td>
<td></td>
<td>1</td>
<td>ip.project.interfaceProject.Test.DescriptionInsert@29774679</td></tr>
<tr>
<td title='ip.project.interfaceProject.Test.TitleInsert.addTitle()'><b>addTitle</b><br>Test class: ip.project.interfaceProject.Test.TitleInsert</td>
<td></td>
<td>1</td>
<td>ip.project.interfaceProject.Test.TitleInsert@59fa1d9b</td></tr>
<tr>
<td title='ip.project.interfaceProject.Test.Title.addTitle()'><b>addTitle</b><br>Test class: ip.project.interfaceProject.Test.Title</td>
<td></td>
<td>0</td>
<td>ip.project.interfaceProject.Test.Title@5e5792a0</td></tr>
<tr>
<td title='ip.project.interfaceProject.Test.StakeholdersAndInterests.clickSAI()'><b>clickSAI</b><br>Test class: ip.project.interfaceProject.Test.StakeholdersAndInterests</td>
<td></td>
<td>0</td>
<td>ip.project.interfaceProject.Test.StakeholdersAndInterests@28d25987</td></tr>
<tr>
<td title='ip.project.interfaceProject.Test.StakefoldersAndInterestsEdit.clickSAI()'><b>clickSAI</b><br>Test class: ip.project.interfaceProject.Test.StakefoldersAndInterestsEdit</td>
<td></td>
<td>1</td>
<td>ip.project.interfaceProject.Test.StakefoldersAndInterestsEdit@68c4039c</td></tr>
<tr>
<td title='ip.project.interfaceProject.Test.StakeholdersAndInterestsWindow.clickSAI()'><b>clickSAI</b><br>Test class: ip.project.interfaceProject.Test.StakeholdersAndInterestsWindow</td>
<td></td>
<td>2</td>
<td>ip.project.interfaceProject.Test.StakeholdersAndInterestsWindow@27efef64</td></tr>
<tr>
<td title='ip.project.interfaceProject.Test.CreateButton.createButton()'><b>createButton</b><br>Test class: ip.project.interfaceProject.Test.CreateButton</td>
<td></td>
<td>0</td>
<td>ip.project.interfaceProject.Test.CreateButton@3e6fa38a</td></tr>
<tr>
<td title='ip.project.interfaceProject.Test.OpenButton.openButton()'><b>openButton</b><br>Test class: ip.project.interfaceProject.Test.OpenButton</td>
<td></td>
<td>0</td>
<td>ip.project.interfaceProject.Test.OpenButton@3ffc5af1</td></tr>
<tr>
<td title='ip.project.interfaceProject.Test.OpenBroswer.openFrontPage()'><b>openFrontPage</b><br>Test class: ip.project.interfaceProject.Test.OpenBroswer</td>
<td></td>
<td>0</td>
<td>ip.project.interfaceProject.Test.OpenBroswer@47c62251</td></tr>
</table><p>
</body>
</html>